-------------------------------------------------------------------------------
Test set: edu.ucsd.spendingtracker.repository.ExpenseRepositoryTest
-------------------------------------------------------------------------------
Tests run: 2, Failures: 1, Errors: 0, Skipped: 0, Time elapsed: 0.060 s <<< FAILURE! -- in edu.ucsd.spendingtracker.repository.ExpenseRepositoryTest
edu.ucsd.spendingtracker.repository.ExpenseRepositoryTest.testGetTotalWithEmptyList -- Time elapsed: 0.007 s <<< FAILURE!
org.opentest4j.AssertionFailedError: expected: <2.0> but was: <0.0>
	at org.junit.jupiter.api.AssertionFailureBuilder.build(AssertionFailureBuilder.java:151)
	at org.junit.jupiter.api.AssertionFailureBuilder.buildAndThrow(AssertionFailureBuilder.java:132)
	at org.junit.jupiter.api.AssertEquals.failNotEqual(AssertEquals.java:197)
	at org.junit.jupiter.api.AssertEquals.assertEquals(AssertEquals.java:70)
	at org.junit.jupiter.api.AssertEquals.assertEquals(AssertEquals.java:65)
	at org.junit.jupiter.api.Assertions.assertEquals(Assertions.java:889)
	at edu.ucsd.spendingtracker/edu.ucsd.spendingtracker.repository.ExpenseRepositoryTest.testGetTotalWithEmptyList(ExpenseRepositoryTest.java:47)
	at java.base/java.lang.reflect.Method.invoke(Method.java:565)
	at java.base/java.util.ArrayList.forEach(ArrayList.java:1604)
	at java.base/java.util.ArrayList.forEach(ArrayList.java:1604)

